<?xml version="1.0" encoding="UTF-8"?>
<!-- Generated by org.testng.reporters.JUnitXMLReporter -->
<testsuite hostname="Vasuki-PC" name="Default test" tests="10" failures="0" timestamp="6 Jun 2019 07:03:05 GMT" time="0.09" errors="0">
  <testcase name="count" time="0.023" classname="com.testng.InvocationCount"/>
  <testcase name="count" time="0.001" classname="com.testng.InvocationCount"/>
  <testcase name="count" time="0.001" classname="com.testng.InvocationCount"/>
  <testcase name="count" time="0.001" classname="com.testng.InvocationCount"/>
  <testcase name="count" time="0.001" classname="com.testng.InvocationCount"/>
  <testcase name="count" time="0.001" classname="com.testng.InvocationCount"/>
  <testcase name="count" time="0.002" classname="com.testng.InvocationCount"/>
  <testcase name="count" time="0.001" classname="com.testng.InvocationCount"/>
  <testcase name="count" time="0.001" classname="com.testng.InvocationCount"/>
  <testcase name="count" time="0.001" classname="com.testng.InvocationCount"/>
</testsuite> <!-- Default test -->
