<?xml version="1.0" encoding="UTF-8"?>
<testng-results skipped="0" failed="0" total="10" passed="10">
  <reporter-output>
  </reporter-output>
  <suite name="Default suite" duration-ms="90" started-at="2019-06-06T07:03:05Z" finished-at="2019-06-06T07:03:05Z">
    <groups>
    </groups>
    <test name="Default test" duration-ms="90" started-at="2019-06-06T07:03:05Z" finished-at="2019-06-06T07:03:05Z">
      <class name="com.testng.InvocationCount">
        <test-method status="PASS" signature="count()[pri:0, instance:com.testng.InvocationCount@9f0666]" name="count" duration-ms="23" started-at="2019-06-06T12:33:05Z" finished-at="2019-06-06T12:33:05Z">
          <reporter-output>
          </reporter-output>
        </test-method> <!-- count -->
        <test-method status="PASS" signature="count()[pri:0, instance:com.testng.InvocationCount@9f0666]" name="count" duration-ms="1" started-at="2019-06-06T12:33:05Z" finished-at="2019-06-06T12:33:05Z">
          <reporter-output>
          </reporter-output>
        </test-method> <!-- count -->
        <test-method status="PASS" signature="count()[pri:0, instance:com.testng.InvocationCount@9f0666]" name="count" duration-ms="1" started-at="2019-06-06T12:33:05Z" finished-at="2019-06-06T12:33:05Z">
          <reporter-output>
          </reporter-output>
        </test-method> <!-- count -->
        <test-method status="PASS" signature="count()[pri:0, instance:com.testng.InvocationCount@9f0666]" name="count" duration-ms="1" started-at="2019-06-06T12:33:05Z" finished-at="2019-06-06T12:33:05Z">
          <reporter-output>
          </reporter-output>
        </test-method> <!-- count -->
        <test-method status="PASS" signature="count()[pri:0, instance:com.testng.InvocationCount@9f0666]" name="count" duration-ms="1" started-at="2019-06-06T12:33:05Z" finished-at="2019-06-06T12:33:05Z">
          <reporter-output>
          </reporter-output>
        </test-method> <!-- count -->
        <test-method status="PASS" signature="count()[pri:0, instance:com.testng.InvocationCount@9f0666]" name="count" duration-ms="1" started-at="2019-06-06T12:33:05Z" finished-at="2019-06-06T12:33:05Z">
          <reporter-output>
          </reporter-output>
        </test-method> <!-- count -->
        <test-method status="PASS" signature="count()[pri:0, instance:com.testng.InvocationCount@9f0666]" name="count" duration-ms="2" started-at="2019-06-06T12:33:05Z" finished-at="2019-06-06T12:33:05Z">
          <reporter-output>
          </reporter-output>
        </test-method> <!-- count -->
        <test-method status="PASS" signature="count()[pri:0, instance:com.testng.InvocationCount@9f0666]" name="count" duration-ms="1" started-at="2019-06-06T12:33:05Z" finished-at="2019-06-06T12:33:05Z">
          <reporter-output>
          </reporter-output>
        </test-method> <!-- count -->
        <test-method status="PASS" signature="count()[pri:0, instance:com.testng.InvocationCount@9f0666]" name="count" duration-ms="1" started-at="2019-06-06T12:33:05Z" finished-at="2019-06-06T12:33:05Z">
          <reporter-output>
          </reporter-output>
        </test-method> <!-- count -->
        <test-method status="PASS" signature="count()[pri:0, instance:com.testng.InvocationCount@9f0666]" name="count" duration-ms="1" started-at="2019-06-06T12:33:05Z" finished-at="2019-06-06T12:33:05Z">
          <reporter-output>
          </reporter-output>
        </test-method> <!-- count -->
      </class> <!-- com.testng.InvocationCount -->
    </test> <!-- Default test -->
  </suite> <!-- Default suite -->
</testng-results>
